SF:lib\core\exceptions\app_exceptions.dart
DA:3,1
DA:4,1
DA:5,1
DA:9,0
DA:13,0
DA:17,0
DA:21,0
DA:25,0
DA:29,0
LF:9
LH:3
end_of_record
SF:lib\core\network\api_client.dart
DA:9,1
DA:11,0
DA:15,0
DA:18,0
DA:20,0
DA:21,0
DA:24,0
DA:25,0
DA:27,0
DA:28,0
DA:30,0
DA:34,0
DA:35,0
DA:38,0
DA:40,0
DA:43,0
DA:44,0
DA:46,0
DA:47,0
DA:49,0
DA:53,0
DA:54,0
DA:55,0
DA:57,0
DA:61,0
DA:64,0
DA:65,0
DA:66,0
DA:67,0
DA:68,0
DA:69,0
DA:70,0
DA:71,0
DA:73,0
DA:74,0
DA:76,0
DA:80,0
DA:82,0
DA:83,0
DA:84,0
DA:85,0
LF:41
LH:1
end_of_record
SF:lib\feature\dashboard\data\data_source\dashboard_data_source.dart
DA:15,1
DA:17,0
DA:22,0
DA:24,0
DA:25,0
DA:26,0
DA:28,0
DA:29,0
DA:32,0
DA:35,0
LF:10
LH:1
end_of_record
SF:lib\feature\dashboard\data\repository\dashboard_repo_impl.dart
DA:10,1
DA:12,0
DA:17,0
DA:20,0
DA:22,0
LF:5
LH:1
end_of_record
SF:lib\feature\dashboard\domain\entity\product.dart
DA:10,1
DA:25,1
LF:2
LH:2
end_of_record
SF:lib\feature\dashboard\domain\use_case\dashboard_use_case.dart
DA:10,1
DA:12,0
DA:15,0
LF:3
LH:1
end_of_record
SF:lib\feature\dashboard\presentation\notifier\dashboard_controller.dart
DA:12,5
DA:14,3
DA:15,4
DA:18,3
DA:19,4
DA:22,3
DA:23,4
DA:26,3
DA:27,4
DA:35,2
DA:36,1
DA:41,1
DA:47,3
DA:49,1
DA:52,1
DA:53,1
DA:54,3
DA:57,1
LF:18
LH:18
end_of_record
SF:lib\feature\dashboard\data\model\product.dart
DA:3,0
DA:4,0
DA:7,0
DA:9,0
DA:10,0
DA:11,0
DA:12,0
DA:13,0
DA:14,0
DA:15,0
DA:16,0
DA:17,0
DA:23,0
DA:24,0
DA:25,0
LF:15
LH:0
end_of_record
