SF:lib\core\exceptions\app_exceptions.dart
DA:3,1
DA:4,1
DA:5,1
DA:9,0
DA:13,0
DA:17,0
DA:21,0
DA:25,0
DA:29,0
LF:9
LH:3
end_of_record
SF:lib\core\network\api_client.dart
DA:9,0
DA:11,0
DA:15,0
DA:18,0
DA:20,0
DA:21,0
DA:24,0
DA:25,0
DA:27,0
DA:28,0
DA:30,0
DA:34,0
DA:35,0
DA:38,0
DA:40,0
DA:43,0
DA:44,0
DA:46,0
DA:47,0
DA:49,0
DA:53,0
DA:54,0
DA:55,0
DA:57,0
DA:61,0
DA:64,0
DA:65,0
DA:66,0
DA:67,0
DA:68,0
DA:69,0
DA:70,0
DA:71,0
DA:73,0
DA:74,0
DA:76,0
DA:80,0
DA:82,0
DA:83,0
DA:84,0
DA:85,0
LF:41
LH:0
end_of_record
SF:lib\feature\authentication\data\data_source\login_datasource.dart
DA:18,1
DA:19,1
DA:21,1
DA:22,1
DA:23,1
DA:24,1
DA:27,2
DA:29,2
DA:30,2
DA:32,1
DA:35,1
DA:36,2
DA:39,1
DA:42,2
LF:14
LH:14
end_of_record
SF:lib\feature\authentication\data\model\auth_model.dart
DA:4,1
DA:13,1
DA:25,1
DA:26,1
DA:27,1
DA:28,1
DA:29,1
DA:30,1
DA:31,1
LF:9
LH:9
end_of_record
SF:lib\feature\authentication\data\model\login_model.dart
DA:6,1
LF:1
LH:1
end_of_record
SF:lib\feature\authentication\domain\entitites\auth_entity.dart
DA:9,1
LF:1
LH:1
end_of_record
SF:lib\feature\authentication\data\repositoty\login_repo_impl.dart
DA:11,1
DA:12,1
DA:15,2
DA:16,1
DA:18,3
LF:5
LH:5
end_of_record
SF:lib\feature\authentication\domain\usecases\login_usecases.dart
DA:10,1
DA:11,1
DA:12,2
LF:3
LH:3
end_of_record
